0 silly argv {
0 silly argv   _: [ 'bootstrap' ],
0 silly argv   hoist: true,
0 silly argv   lernaVersion: '4.0.0',
0 silly argv   '$0': '/Users/yousef/Programming/typecell-next/node_modules/.bin/lerna'
0 silly argv }
1 notice cli v4.0.0
2 verbose rootPath /Users/yousef/Programming/typecell-next
3 error JSONError: Unexpected token "}" (0x7D) in JSON at position 221 while parsing near "...    \"vscode-lib2\"\n  },\n  \"devDependencie..." in packages/engine/package.json
3 error
3 error [0m [90m  9 |[39m     [32m"react"[39m[33m:[39m [32m"^17.0.2"[39m[33m,[39m[0m
3 error [0m [90m 10 |[39m     [32m"vscode-lib2"[39m[0m
3 error [0m[31m[1m>[22m[39m[90m 11 |[39m   }[33m,[39m[0m
3 error [0m [90m    |[39m   [31m[1m^[22m[39m[0m
3 error [0m [90m 12 |[39m   [32m"devDependencies"[39m[33m:[39m {[0m
3 error [0m [90m 13 |[39m     [32m"@types/jest"[39m[33m:[39m [32m"^26.0.22"[39m[33m,[39m[0m
3 error [0m [90m 14 |[39m     [32m"jest"[39m[33m:[39m [32m"26.6.0"[39m[33m,[39m[0m
3 error
3 error     at parseJson (/Users/yousef/Programming/typecell-next/node_modules/parse-json/index.js:29:21)
3 error     at parse (/Users/yousef/Programming/typecell-next/node_modules/@lerna/project/node_modules/load-json-file/index.js:15:9)
3 error     at module.exports (/Users/yousef/Programming/typecell-next/node_modules/@lerna/project/node_modules/load-json-file/index.js:18:47)
